<?xml version="1.0" encoding="UTF-8"?>
<!-- Generated by org.testng.reporters.JUnitReportReporter -->
<testsuite hostname="rc" failures="0" tests="1" name="com.myntra.automation.runners.TestRunner" time="27.861" errors="0" timestamp="2025-07-27T22:54:25 IST" skipped="0">
  <testcase classname="com.myntra.automation.runners.TestRunner" name="runScenario" time="27.861"/>
</testsuite> <!-- com.myntra.automation.runners.TestRunner -->
