<?xml version="1.0" encoding="UTF-8"?>
<!-- Generated by org.testng.reporters.JUnitReportReporter -->
<testsuite hostname="rc" failures="0" tests="1" name="com.myntra.automation.runners.TestRunner" time="7.489" errors="1" timestamp="2025-07-29T20:40:19 IST" skipped="0">
  <testcase classname="com.myntra.automation.runners.TestRunner" name="runScenario" time="7.489">
    <error type="java.lang.NullPointerException">
      <![CDATA[java.lang.NullPointerException
at java.base/java.util.Objects.requireNonNull(Objects.java:233)
at java.base/java.util.ImmutableCollections$Map1.<init>(ImmutableCollections.java:1112)
at java.base/java.util.Map.of(Map.java:1365)
at org.openqa.selenium.remote.DriverCommand.GET(DriverCommand.java:180)
at org.openqa.selenium.remote.RemoteWebDriver.get(RemoteWebDriver.java:300)
at com.myntra.automation.base.BaseTest.initialization(BaseTest.java:62)
at com.myntra.automation.stepdefinitions.MyntraStepDefinitions.setUp(MyntraStepDefinitions.java:28)
]]>
    </error>
  </testcase> <!-- runScenario -->
</testsuite> <!-- com.myntra.automation.runners.TestRunner -->
